# JRE version: Java(TM) SE Runtime Environment (8.0_45-b15) (build 1.8.0_45-b15)
# Java VM: Java HotSpot(TM) 64-Bit Server VM (25.45-b02 mixed mode windows-amd64 compressed oops)
Heap:
 PSYoungGen      total 37888K, used 7536K [0x00000000d6300000, 0x00000000d8d00000, 0x0000000100000000)
  eden space 32768K, 12% used [0x00000000d6300000,0x00000000d66f1930,0x00000000d8300000)
  from space 5120K, 68% used [0x00000000d8800000,0x00000000d8b6a810,0x00000000d8d00000)
  to   space 5120K, 0% used [0x00000000d8300000,0x00000000d8300000,0x00000000d8800000)
 ParOldGen       total 86016K, used 32K [0x0000000082800000, 0x0000000087c00000, 0x00000000d6300000)
  object space 86016K, 0% used [0x0000000082800000,0x0000000082808000,0x0000000087c00000)
 Metaspace       used 13408K, capacity 13638K, committed 13824K, reserved 1060864K
  class space    used 1616K, capacity 1701K, committed 1792K, reserved 1048576K
GC Heap History (4 events):
Event: 34.475 GC heap before
{Heap before GC invocations=1 (full 0):
 PSYoungGen      total 37888K, used 32768K [0x00000000d6300000, 0x00000000d8d00000, 0x0000000100000000)
  eden space 32768K, 100% used [0x00000000d6300000,0x00000000d8300000,0x00000000d8300000)
  from space 5120K, 0% used [0x00000000d8800000,0x00000000d8800000,0x00000000d8d00000)
  to   space 5120K, 0% used [0x00000000d8300000,0x00000000d8300000,0x00000000d8800000)
 ParOldGen       total 86016K, used 0K [0x0000000082800000, 0x0000000087c00000, 0x00000000d6300000)
  object space 86016K, 0% used [0x0000000082800000,0x0000000082800000,0x0000000087c00000)
 Metaspace       used 12912K, capacity 13126K, committed 13184K, reserved 1060864K
  class space    used 1575K, capacity 1637K, committed 1664K, reserved 1048576K
Event: 34.480 GC heap after
Heap after GC invocations=1 (full 0):
 PSYoungGen      total 37888K, used 4630K [0x00000000d6300000, 0x00000000d8d00000, 0x0000000100000000)
  eden space 32768K, 0% used [0x00000000d6300000,0x00000000d6300000,0x00000000d8300000)
  from space 5120K, 90% used [0x00000000d8300000,0x00000000d8785aa0,0x00000000d8800000)
  to   space 5120K, 0% used [0x00000000d8800000,0x00000000d8800000,0x00000000d8d00000)
 ParOldGen       total 86016K, used 24K [0x0000000082800000, 0x0000000087c00000, 0x00000000d6300000)
  object space 86016K, 0% used [0x0000000082800000,0x0000000082806000,0x0000000087c00000)
 Metaspace       used 12912K, capacity 13126K, committed 13184K, reserved 1060864K
  class space    used 1575K, capacity 1637K, committed 1664K, reserved 1048576K
}
Event: 71.021 GC heap before
{Heap before GC invocations=2 (full 0):
 PSYoungGen      total 37888K, used 37398K [0x00000000d6300000, 0x00000000d8d00000, 0x0000000100000000)
  eden space 32768K, 100% used [0x00000000d6300000,0x00000000d8300000,0x00000000d8300000)
  from space 5120K, 90% used [0x00000000d8300000,0x00000000d8785aa0,0x00000000d8800000)
  to   space 5120K, 0% used [0x00000000d8800000,0x00000000d8800000,0x00000000d8d00000)
 ParOldGen       total 86016K, used 24K [0x0000000082800000, 0x0000000087c00000, 0x00000000d6300000)
  object space 86016K, 0% used [0x0000000082800000,0x0000000082806000,0x0000000087c00000)
 Metaspace       used 13400K, capacity 13638K, committed 13824K, reserved 1060864K
  class space    used 1616K, capacity 1701K, committed 1792K, reserved 1048576K
Event: 71.024 GC heap after
Heap after GC invocations=2 (full 0):
 PSYoungGen      total 37888K, used 3498K [0x00000000d6300000, 0x00000000d8d00000, 0x0000000100000000)
  eden space 32768K, 0% used [0x00000000d6300000,0x00000000d6300000,0x00000000d8300000)
  from space 5120K, 68% used [0x00000000d8800000,0x00000000d8b6a810,0x00000000d8d00000)
  to   space 5120K, 0% used [0x00000000d8300000,0x00000000d8300000,0x00000000d8800000)
 ParOldGen       total 86016K, used 32K [0x0000000082800000, 0x0000000087c00000, 0x00000000d6300000)
  object space 86016K, 0% used [0x0000000082800000,0x0000000082808000,0x0000000087c00000)
 Metaspace       used 13400K, capacity 13638K, committed 13824K, reserved 1060864K
  class space    used 1616K, capacity 1701K, committed 1792K, reserved 1048576K
}

